73 85 49
1
1
3
1
1
1
1
1
1
1
1
1
3
3
1
1
1
3
1
1
1
1
1
1
1
1
3
1
3
1
1
1
1
1
1
3
1
1
1
1
1
1
1
3
1
1
1
3
1
54 55 39
3
1
3
1
1
1
1
1
3
1
1
1
1
1
1
3
1
1
1
1
1
5
1
1
3
3
3
3
1
3
1
1
1
1
1
1
1
3
1
52 43 28
1
1
1
1
1
3
1
3
1
1
3
3
1
3
1
1
1
1
1
3
1
3
1
1
1
1
1
1
99 74 18
3
1
1
1
1
1
1
1
1
3
3
1
1
1
1
1
1
5
42 83 10
3
3
3
1
1
3
1
1
1
1
30 82 31
1
1
1
1
1
3
1
1
1
1
3
1
1
3
1
1
1
3
1
1
1
1
1
1
1
1
3
1
1
1
1
23 83 35
3
3
3
1
3
1
1
1
1
1
1
3
1
1
1
1
1
1
1
1
5
1
1
1
5
1
1
1
3
1
1
1
3
1
1
47 13 34
1
1
3
1
1
3
1
1
3
1
1
1
1
1
3
1
3
1
1
1
1
1
1
1
1
1
3
1
1
1
1
3
1
1
70 89 22
1
3
3
5
1
3
5
1
1
1
1
1
1
1
1
1
1
1
3
1
1
1
36 85 24
3
1
1
3
1
1
1
1
1
1
1
1
1
1
1
3
1
1
1
1
3
1
1
3
71 39 20
1
1
1
1
3
1
3
1
3
7
1
1
1
1
1
1
1
1
1
1
86 88 22
1
1
1
1
1
1
1
1
1
1
1
3
1
1
3
1
1
1
1
1
1
1
84 27 46
1
3
1
1
1
1
1
1
1
1
1
5
1
1
1
1
1
1
1
1
1
1
1
3
3
1
1
1
1
3
5
1
3
1
1
1
5
3
1
1
3
1
1
1
3
1
86 60 33
1
1
1
1
1
1
3
1
3
1
1
1
1
1
3
1
1
3
1
1
3
3
1
1
3
1
3
1
1
1
1
1
1
24 45 12
1
1
1
1
3
1
1
1
3
3
1
1
41 13 8
3
1
1
1
1
1
1
3
98 44 5
1
1
1
1
1
100 74 47
3
1
1
3
1
1
1
3
1
3
1
1
1
1
5
3
1
1
1
1
5
1
1
1
1
1
3
1
1
1
1
1
1
1
1
1
1
1
5
3
3
1
3
1
5
1
1
64 16 18
1
1
1
3
1
3
3
3
1
1
1
1
1
1
3
1
1
1
21 41 24
1
5
1
1
1
1
3
1
1
1
3
1
1
1
1
1
3
1
1
1
1
1
3
1
38 73 44
3
3
1
1
3
1
1
1
1
1
3
1
1
1
1
1
1
5
5
1
3
1
1
1
1
1
3
1
3
3
3
1
1
1
1
1
3
5
1
1
3
1
1
1
40 27 30
1
1
1
1
3
1
1
1
1
1
1
1
1
1
1
1
3
1
1
1
3
1
1
1
1
1
1
1
1
1
69 20 22
1
3
1
1
3
1
1
1
3
3
1
1
1
1
1
1
1
1
1
3
3
1
58 81 27
1
1
1
1
1
1
1
1
1
3
3
1
1
1
1
1
1
1
3
1
1
1
3
3
1
1
3
45 40 19
3
1
3
1
1
1
1
1
1
5
1
1
1
1
1
1
1
1
1
67 61 22
1
1
3
1
1
1
3
3
1
1
3
1
1
3
1
1
1
3
3
1
1
1
94 75 41
5
1
3
1
1
1
1
1
1
3
1
1
1
1
3
1
1
1
1
1
1
3
1
1
1
1
1
1
3
3
1
3
3
1
1
1
1
1
3
3
3
4 70 12
1
1
3
1
1
1
1
1
1
3
1
1
10 80 8
1
5
1
1
3
1
1
3
17 5 11
1
1
3
1
1
1
1
1
3
1
1
7 58 6
1
3
1
1
1
1
67 32 40
1
5
1
5
1
3
1
1
1
3
1
3
1
1
1
3
3
1
1
1
3
1
1
3
1
1
1
3
1
1
3
1
1
1
1
3
1
1
3
1
26 81 12
3
1
1
3
1
1
1
1
3
3
1
1
67 38 14
1
1
1
1
1
1
1
5
3
1
1
1
1
5
32 69 7
1
3
1
1
1
1
3
80 79 41
1
1
1
1
1
1
1
1
3
3
1
1
3
1
1
1
1
1
1
3
3
3
3
1
1
1
1
1
3
3
1
1
1
3
1
1
1
3
3
1
3
49 83 30
1
1
1
1
1
1
1
1
3
1
3
3
1
1
1
1
1
3
1
1
1
3
1
3
1
1
1
3
1
1
87 79 25
1
1
1
1
1
3
1
1
1
1
5
1
1
1
1
1
1
1
1
1
1
1
5
5
5
28 29 8
1
1
1
1
3
1
1
1
9 70 5
3
1
1
1
1
29 47 44
1
1
1
3
1
1
1
1
1
1
3
1
1
3
1
1
1
1
1
1
1
1
3
1
3
1
1
1
3
1
1
1
1
3
1
3
1
3
1
1
1
1
1
1
74 69 23
1
1
1
3
1
5
1
5
3
1
1
1
1
3
1
1
1
1
1
5
3
1
1
95 6 34
1
1
1
1
1
1
1
1
1
1
1
1
1
1
1
1
1
1
1
1
1
1
3
1
1
3
1
1
1
3
1
1
3
1
89 35 47
1
1
3
1
1
1
1
3
1
5
1
1
5
1
1
1
1
1
1
1
1
1
1
1
3
3
5
1
1
3
1
1
1
3
1
3
1
3
1
1
3
1
1
3
3
1
5
22 47 25
3
3
1
1
1
3
3
1
3
3
3
3
1
3
1
1
1
1
1
1
3
1
3
1
1
48 84 49
1
1
1
5
3
1
3
1
1
1
1
3
1
1
1
1
1
1
1
1
1
1
1
1
1
3
3
3
1
1
1
3
1
1
1
1
1
3
1
1
1
1
1
1
1
1
1
1
1
56 28 41
1
1
1
1
3
1
1
1
1
1
1
1
3
1
1
3
1
1
1
1
3
3
1
1
1
1
1
1
1
3
1
1
1
1
1
3
1
1
3
3
1
42 11 47
1
1
1
1
1
1
1
1
1
3
1
1
1
1
1
1
3
1
1
1
1
1
1
1
3
1
3
3
1
1
1
1
3
1
3
3
1
1
3
1
1
3
1
1
1
1
3
67 79 10
1
1
1
1
1
1
3
3
1
1
72 15 7
1
1
1
3
3
1
1
80 46 35
1
1
3
1
3
1
3
1
1
3
1
1
1
3
1
3
1
1
3
1
1
1
1
1
3
3
1
1
1
1
3
1
3
1
3
6 85 12
1
1
3
3
1
5
1
1
1
1
1
3
24 65 13
1
3
3
3
3
3
1
1
3
1
1
1
1
56 65 11
1
1
3
3
1
3
1
1
1
1
1
55 92 9
1
1
1
1
3
3
3
1
1
10 52 6
1
1
1
1
1
5
71 46 38
1
3
1
1
1
1
1
3
1
3
1
1
1
1
3
1
1
3
1
3
1
1
1
1
1
1
1
1
1
3
1
3
1
1
1
1
1
1
90 83 28
1
1
5
1
3
1
1
1
1
1
3
1
1
1
1
5
1
1
1
1
1
1
3
3
1
1
3
1
94 16 7
1
3
1
1
1
1
1
78 97 7
1
1
1
1
5
1
1
56 11 13
1
1
3
1
3
3
3
1
1
1
3
1
1
40 95 45
3
1
3
1
1
1
1
1
1
1
1
1
1
1
1
1
1
1
1
1
1
3
3
1
1
1
1
1
1
1
1
3
1
1
5
1
1
1
1
1
3
3
1
3
1
70 100 49
1
1
3
3
1
1
1
3
3
1
1
1
1
1
1
1
3
3
1
1
1
3
3
3
1
1
1
1
1
3
1
1
1
1
5
1
1
3
1
3
1
1
1
5
1
3
1
1
3
57 94 32
1
1
1
3
3
3
1
5
1
1
1
1
1
1
3
1
3
1
1
1
3
1
1
3
3
3
1
1
1
3
1
3
43 16 8
1
1
1
1
1
1
1
1
39 57 24
1
1
3
3
1
1
1
3
1
3
1
1
3
1
1
1
1
1
1
1
1
1
1
1
5 14 35
3
1
1
1
1
1
1
1
3
1
1
1
1
1
1
1
1
3
1
1
1
1
1
1
1
1
1
1
1
3
3
3
1
1
3
100 44 43
3
3
1
3
3
1
3
1
3
3
3
3
1
1
3
1
3
1
1
1
3
1
3
1
3
3
1
1
1
1
1
1
3
1
1
1
1
1
1
1
1
1
3
20 64 16
3
1
1
1
1
1
1
1
1
3
1
1
1
1
1
1
89 70 47
1
1
3
1
3
1
1
5
3
1
5
1
1
1
1
1
1
1
1
3
3
3
1
1
1
1
1
1
5
1
1
1
3
1
1
1
5
1
1
3
1
1
1
1
1
1
1
57 48 48
1
1
3
1
3
3
1
3
3
1
1
1
1
1
3
1
3
1
1
1
1
1
5
1
1
1
1
1
1
1
1
1
1
1
5
3
1
1
1
1
1
1
3
1
3
1
3
3
25 7 39
1
3
1
1
1
1
1
1
1
1
1
1
1
3
1
1
1
1
1
1
1
1
3
1
1
1
1
1
1
1
1
1
3
1
1
1
1
1
1
49 68 34
1
1
1
1
1
3
3
3
3
1
3
1
3
1
1
3
1
1
1
3
1
1
1
3
1
1
1
1
3
3
1
1
5
1
56 21 18
1
3
1
3
1
1
1
3
1
3
1
1
1
1
1
1
1
1
18 5 16
1
1
3
3
3
1
1
3
1
1
1
1
1
3
1
1
14 13 9
1
1
1
1
1
1
1
1
1
9 59 30
1
1
3
1
1
3
1
3
1
1
1
3
3
1
1
1
1
1
3
3
1
1
3
3
1
1
5
5
3
3
4 16 45
1
1
1
1
1
1
1
1
1
1
1
1
1
1
1
1
1
1
1
1
1
1
1
1
1
1
1
1
1
1
1
1
3
1
1
1
3
1
1
1
1
1
1
1
1
9 26 26
1
1
1
1
1
1
1
3
1
1
1
1
1
1
1
3
3
1
1
1
1
1
5
1
1
1
31 40 29
1
1
3
3
1
1
3
1
1
1
1
1
1
3
3
1
1
1
1
3
3
1
1
1
3
1
1
1
1
72 60 27
1
1
1
1
1
3
1
3
3
1
1
1
1
1
3
1
1
1
5
3
1
1
1
1
1
1
1
46 64 35
1
1
1
3
1
1
3
1
3
1
3
1
1
1
1
1
3
3
1
1
1
1
1
1
1
1
1
1
1
1
1
3
1
1
1
54 65 16
3
1
1
1
1
3
1
1
3
1
3
1
1
1
1
3
30 62 5
3
3
1
1
1
29 33 19
1
1
3
3
1
1
1
1
1
3
3
3
1
1
1
3
1
1
1
72 71 19
1
1
1
3
1
1
1
3
1
1
3
3
1
1
3
3
1
1
1
53 70 48
1
3
1
1
3
3
1
1
1
1
1
3
1
3
1
1
1
1
1
1
1
1
1
1
3
1
5
1
1
5
1
1
1
1
3
1
1
1
1
1
1
3
1
1
3
1
1
1
61 17 26
1
1
1
3
1
1
1
5
1
1
1
3
1
1
1
3
3
1
1
1
1
3
1
1
3
3
69 83 18
1
1
1
1
1
1
1
1
3
1
1
3
1
1
1
3
1
3
36 86 40
1
3
3
1
1
1
1
1
1
5
1
1
5
3
3
1
1
1
3
1
1
3
1
1
1
1
1
1
3
1
3
1
1
1
1
1
1
1
1
1
95 34 36
1
1
3
1
1
1
3
3
1
1
1
1
1
1
1
1
3
1
1
1
1
1
3
1
3
1
1
3
1
1
1
1
1
3
3
1
4 87 28
3
1
1
1
1
1
1
1
1
1
1
3
1
1
1
1
1
1
1
3
3
1
1
1
1
1
1
1
16 68 49
1
1
3
1
3
5
1
1
1
1
1
1
1
3
1
1
3
1
1
1
3
1
1
3
5
1
3
1
1
1
3
3
1
1
1
1
1
3
1
1
1
1
1
1
1
1
1
1
1
33 27 25
1
3
1
1
1
3
1
1
1
3
1
1
3
3
1
1
1
3
1
1
1
3
1
1
3
14 91 47
1
3
1
1
1
1
3
5
1
1
1
1
1
1
1
1
1
3
3
1
3
1
1
1
1
1
1
3
1
1
1
1
1
1
1
1
1
3
1
3
1
3
1
1
3
1
3
79 71 18
5
3
1
1
3
1
1
1
1
1
3
1
1
1
3
1
1
1
36 92 25
1
3
1
1
1
1
1
1
3
1
1
1
1
5
1
1
1
1
1
1
1
1
1
1
1
68 51 13
1
1
1
3
1
1
1
1
1
1
1
1
1
83 18 34
1
1
1
1
5
3
1
1
3
3
1
1
1
1
3
3
1
1
1
1
1
3
1
1
1
3
1
3
1
1
1
1
1
1
74 85 13
1
1
3
3
1
1
3
1
1
3
1
1
1
20 23 30
1
3
1
1
1
1
3
1
1
1
1
1
1
3
1
1
1
3
1
1
1
1
1
3
3
1
1
1
3
1
65 39 20
3
1
1
3
1
1
1
1
1
1
1
3
1
1
1
3
1
1
5
1
66 63 38
3
3
1
1
1
1
1
1
1
1
1
3
1
3
1
1
1
1
3
3
1
1
3
3
3
1
1
1
1
1
3
1
1
1
1
1
3
1
75 33 48
1
1
3
1
1
1
1
3
1
1
1
1
3
3
3
1
3
3
1
3
1
1
3
1
1
1
3
1
5
1
3
3
3
1
1
1
3
1
1
3
5
3
1
1
1
1
1
1
73 71 44
1
1
3
1
3
5
1
1
3
3
3
3
3
1
1
1
1
3
1
1
3
1
1
1
1
1
1
3
1
1
5
3
3
3
1
1
3
1
1
1
3
1
1
1
5 25 36
1
1
1
3
1
1
3
1
1
3
1
3
1
1
1
1
1
1
1
1
3
1
1
1
1
3
3
1
3
1
3
1
1
1
3
1
16 24 13
1
1
1
3
1
1
1
1
3
1
1
1
1
75 15 20
1
3
1
1
1
3
1
1
1
1
1
1
1
1
1
1
1
3
3
1
100 60 25
1
1
1
1
1
3
1
1
1
1
1
3
3
1
3
3
1
1
1
1
1
1
1
1
1
98 21 8
1
1
1
3
3
1
1
1
57 63 43
1
1
1
3
1
1
3
1
1
1
1
1
3
1
1
1
1
1
3
3
1
1
1
3
1
1
1
5
3
1
7
3
3
3
1
5
1
1
3
1
1
1
1
52 13 33
1
1
1
1
3
3
3
1
1
1
1
1
3
3
1
1
1
1
1
3
1
3
1
1
3
1
3
1
1
3
1
1
1
52 83 7
3
3
3
1
3
3
3
33 92 47
1
1
1
1
1
1
1
1
1
1
1
1
1
1
1
1
3
1
3
1
1
1
1
1
1
3
1
1
1
1
1
1
1
3
3
1
3
1
1
3
3
3
3
3
1
1
3
20 81 11
1
1
5
1
1
1
1
1
1
3
1
76 13 39
1
1
1
1
1
1
1
3
1
3
1
1
1
1
1
1
3
1
1
1
1
1
1
1
1
1
1
1
3
1
3
1
1
3
1
1
1
1
3
92 45 10
3
1
1
1
3
5
3
1
3
3
19 8 42
1
3
1
3
1
3
3
1
3
1
3
1
1
1
1
1
1
1
1
1
1
1
1
1
1
1
1
3
1
1
3
3
1
1
3
1
3
1
1
1
1
3
73 82 28
1
3
1
1
1
1
1
3
5
1
1
1
1
1
1
1
1
1
1
1
1
1
1
3
1
1
1
3
35 38 49
1
1
1
3
1
1
1
5
1
1
1
3
1
1
1
1
1
3
1
3
1
1
3
1
1
1
3
1
1
3
3
1
1
1
3
1
3
3
1
1
3
1
1
1
1
1
3
1
1
59 34 7
3
1
3
1
1
1
1
70 40 34
1
5
1
1
3
1
3
1
1
1
3
1
3
1
1
1
1
1
1
1
1
3
1
1
1
1
1
1
3
1
5
1
3
1
94 10 22
1
1
1
1
1
1
1
3
1
1
1
3
1
1
3
1
3
1
1
1
1
1
65 26 43
1
1
1
1
3
1
1
1
1
1
1
1
1
1
5
1
1
3
1
1
1
1
1
1
3
1
1
3
1
3
1
1
1
1
3
1
1
1
1
1
1
1
1
61 26 44
1
1
1
3
3
3
5
3
1
1
1
1
5
1
5
1
3
1
1
1
1
1
1
1
3
1
1
1
1
1
3
3
1
3
1
1
1
1
1
1
3
1
1
5
49 29 26
1
1
3
3
3
3
1
1
3
1
1
1
1
1
3
1
3
1
1
1
1
3
1
1
3
3
90 43 29
1
1
1
3
1
1
3
1
1
3
1
3
1
3
1
1
5
5
1
1
1
3
1
1
1
1
1
1
1
54 41 39
1
1
1
1
3
3
1
1
1
1
1
1
1
1
1
1
3
3
1
3
1
1
1
1
1
3
1
1
3
5
1
1
1
1
1
1
3
1
1
69 47 21
1
3
3
1
1
1
1
1
1
1
1
3
3
3
1
1
3
1
3
3
1
28 69 39
3
3
1
1
1
1
3
1
1
1
1
3
1
1
3
1
1
3
1
1
1
1
1
1
1
3
1
1
3
1
1
3
1
1
1
1
1
1
3
74 72 38
1
5
1
1
3
1
1
1
1
1
1
1
1
3
1
1
3
5
1
1
1
1
1
1
1
1
1
3
3
1
3
1
1
1
1
1
1
3
56 62 45
1
3
3
1
1
1
1
1
3
1
1
3
1
1
1
5
3
1
1
1
1
1
3
1
1
1
1
1
1
1
1
1
1
1
1
1
3
1
1
1
1
1
3
1
1
83 36 9
3
1
1
1
1
1
1
1
1
73 31 35
1
3
1
3
1
3
3
1
1
1
1
1
3
1
1
1
3
5
3
1
1
3
1
5
7
1
3
1
1
1
1
1
3
3
1
88 44 43
3
1
3
1
3
1
1
3
1
3
3
3
3
1
1
3
1
1
1
3
1
1
1
1
1
1
1
3
1
1
3
1
1
1
1
1
3
1
3
1
1
1
3
6 14 38
1
1
1
1
1
1
1
1
1
3
1
1
1
1
1
1
1
1
1
1
1
1
1
1
1
1
1
1
1
1
1
1
1
1
1
3
1
1
5 29 18
3
3
1
1
1
1
1
1
1
1
3
1
1
1
1
3
1
1
83 68 22
1
3
1
1
3
1
1
3
1
1
1
1
1
1
1
1
3
3
3
7
1
1
4 58 43
1
1
1
1
1
1
1
3
1
1
1
1
1
1
1
1
1
1
3
3
1
1
1
3
3
1
1
1
3
1
1
1
1
1
1
3
1
1
1
1
1
1
1
61 38 14
1
1
1
1
3
1
3
3
1
1
5
1
1
1
51 69 10
3
1
1
1
1
1
3
1
3
1
58 5 6
1
1
1
3
3
1
32 16 43
3
1
1
1
3
1
1
1
5
1
3
1
3
3
1
1
3
3
1
3
1
1
3
1
1
1
3
3
1
1
3
1
1
1
1
1
1
1
1
1
3
1
1
58 38 48
1
1
3
1
1
1
1
1
3
1
1
1
3
1
1
3
1
3
1
1
1
1
3
1
1
3
3
1
1
1
1
1
1
1
1
3
1
3
1
1
1
1
1
1
1
1
1
1
84 93 29
3
1
1
1
1
1
1
1
3
1
1
1
1
1
1
1
1
3
1
1
1
1
1
1
3
1
1
1
3
21 19 35
1
3
1
1
3
1
1
1
5
3
3
1
1
1
1
1
1
1
1
1
3
3
1
1
1
3
1
1
1
1
3
3
1
3
1
67 94 10
1
1
1
3
1
1
3
3
1
3
32 96 49
1
1
1
1
1
1
1
1
3
1
1
1
1
3
3
1
1
1
3
1
1
1
1
1
1
1
3
1
1
1
3
1
1
1
1
3
3
3
3
1
1
1
1
1
1
1
1
1
3
38 77 41
1
1
1
1
1
1
3
5
3
3
1
1
3
1
1
1
1
1
1
1
1
7
3
1
1
1
1
1
3
1
3
1
1
3
1
1
1
1
3
1
1
10 65 17
1
1
1
3
1
1
1
1
1
3
1
3
1
1
1
1
1
23 58 41
1
1
1
3
1
1
1
3
1
3
1
1
1
3
1
3
1
1
3
1
1
1
3
3
1
1
3
1
3
1
3
1
1
1
1
1
1
1
1
3
3
65 53 15
3
1
1
1
1
5
1
1
3
1
3
3
3
1
1
58 95 27
1
1
1
3
3
3
1
1
1
1
1
1
1
1
3
1
1
1
3
1
1
1
1
3
1
1
1
44 50 15
1
3
1
1
1
1
3
1
1
3
5
1
5
3
1
59 14 43
1
1
1
1
1
1
1
1
1
1
1
1
1
3
3
1
1
3
1
1
1
1
1
1
3
1
3
1
1
1
3
3
1
1
1
1
3
1
1
1
1
3
3
89 65 23
1
3
1
1
3
1
3
1
1
1
1
3
1
1
1
1
1
1
1
3
1
3
1
25 30 5
1
1
1
1
1
34 71 49
1
5
1
1
1
1
3
1
3
1
1
1
1
1
1
3
3
3
3
1
1
5
1
1
5
5
1
1
1
1
1
1
1
1
1
3
1
1
1
3
3
1
1
3
1
1
3
3
3
93 77 13
1
1
1
1
3
1
1
3
3
1
1
1
1
70 49 29
1
1
3
1
1
1
1
1
3
1
3
1
1
1
1
1
1
3
1
5
1
3
1
1
1
1
5
1
1
72 75 32
1
1
1
3
3
1
1
1
1
3
3
5
1
1
1
1
1
1
3
3
1
1
5
3
1
1
1
1
1
3
1
1
8 53 47
1
1
1
1
1
1
1
3
1
1
1
1
1
3
3
1
3
1
1
1
1
3
3
1
1
1
1
1
3
1
1
3
1
3
1
1
5
3
3
3
1
3
1
3
3
1
3
94 26 16
1
3
1
1
3
1
1
1
3
1
1
3
1
1
3
1
98 18 42
1
1
1
1
1
1
1
1
3
1
1
1
1
1
1
1
1
1
3
3
3
1
3
1
1
1
3
1
1
3
1
1
3
1
1
3
1
1
3
1
1
1
84 94 28
1
3
1
1
1
1
1
1
3
3
1
1
1
1
1
1
1
1
3
1
3
1
1
1
3
1
1
1
12 88 9
3
5
3
1
1
3
1
1
1
98 82 40
1
1
1
1
3
3
1
1
1
1
3
5
3
3
1
1
1
1
1
1
1
1
1
1
5
1
1
1
1
1
1
1
1
1
5
3
1
1
5
1
78 77 5
1
3
3
3
1
43 49 49
1
3
1
1
1
1
1
1
3
5
1
1
1
3
3
3
3
3
1
1
1
1
1
1
1
1
1
3
1
3
1
5
1
1
3
1
3
1
3
1
1
1
1
1
1
1
1
1
1
69 89 22
3
1
1
1
1
1
1
3
1
1
1
1
1
1
1
1
5
3
3
1
3
1
57 35 26
1
1
1
1
1
1
3
1
5
3
1
1
1
1
1
1
1
5
3
1
1
1
1
1
1
1
13 25 43
1
1
1
3
3
1
1
1
1
1
1
1
1
1
1
1
1
3
1
3
3
1
1
1
1
1
3
1
1
1
1
3
1
1
1
1
1
3
1
1
1
1
1
46 81 37
1
1
1
3
1
1
1
1
3
1
1
5
1
1
1
1
1
3
3
1
1
1
1
1
1
1
1
1
1
1
1
1
1
3
1
1
1
55 18 31
3
1
1
1
1
3
1
1
1
3
1
3
1
1
1
1
1
3
1
1
1
1
1
1
3
1
3
5
1
1
1
87 74 11
1
1
3
1
1
1
3
1
1
1
1
25 92 37
1
3
3
1
1
1
1
1
3
1
3
1
1
1
3
3
1
3
1
1
1
1
3
1
1
1
1
3
1
3
1
1
1
1
1
1
1
19 39 34
1
1
1
1
3
5
1
3
3
1
3
3
3
1
3
3
1
1
3
1
1
3
1
1
1
1
1
1
1
5
1
1
1
1
95 16 20
1
1
3
1
1
1
1
1
1
1
3
1
1
3
3
3
3
1
1
1
44 94 7
3
1
1
1
1
3
1
87 40 35
1
1
1
1
1
1
3
1
3
1
3
1
1
1
1
1
1
1
3
1
3
1
1
3
1
1
1
1
1
1
3
1
1
1
1
24 62 26
3
1
1
1
1
1
1
1
1
1
3
1
3
1
1
3
1
1
1
1
1
1
1
1
1
1
54 73 30
1
3
1
3
1
1
1
1
1
1
1
1
3
1
1
1
1
1
3
3
1
1
1
1
1
1
1
1
3
3
67 42 30
3
3
1
3
1
1
5
3
1
1
1
1
1
1
1
1
1
1
1
1
3
1
1
1
3
3
1
1
1
1
70 99 11
1
1
1
1
1
1
1
3
1
3
1
54 98 29
3
5
1
1
1
3
1
1
1
1
1
1
1
1
1
1
1
3
1
1
1
1
3
1
1
1
3
1
3
91 68 45
3
1
1
1
1
3
3
1
1
1
3
1
1
1
1
1
3
1
1
1
1
1
1
1
1
1
1
1
3
1
1
1
1
1
1
5
1
1
3
1
3
1
1
1
3
4 62 38
1
1
1
3
1
1
1
1
1
1
1
1
1
1
1
1
3
1
1
1
3
1
1
1
1
1
1
1
1
1
1
1
3
1
1
1
1
1
12 10 9
5
3
3
1
5
1
1
5
1
41 90 25
3
1
3
3
1
3
1
3
3
1
1
3
3
1
1
3
3
1
1
3
3
1
1
3
1
24 43 36
1
1
3
1
1
3
1
1
1
1
3
1
1
5
1
1
1
1
1
1
1
1
1
1
1
1
1
1
3
3
3
1
3
1
3
1
22 51 27
3
1
1
1
1
1
3
1
1
3
1
3
3
3
1
1
1
1
1
1
3
1
1
1
3
1
1
13 46 20
1
5
3
1
5
1
1
1
1
3
1
5
1
1
1
3
3
1
1
1
87 42 10
1
3
1
1
1
3
1
3
3
1
40 91 42
1
1
1
1
1
1
1
1
5
1
1
3
3
1
1
3
1
1
1
1
1
3
1
1
1
1
3
1
1
1
1
1
1
1
1
1
1
1
1
1
3
1
81 87 37
1
1
1
1
3
1
1
1
1
3
3
1
3
1
3
1
1
1
1
1
3
1
3
1
1
1
1
5
1
1
1
1
1
1
3
3
1
95 7 48
1
1
1
1
1
3
1
1
1
1
1
1
3
1
1
1
1
1
3
1
1
1
1
1
1
1
1
1
3
1
1
5
1
1
1
3
1
1
3
3
1
1
1
1
5
1
1
3
50 94 50
3
1
1
3
3
1
3
1
1
1
1
5
1
1
1
3
1
3
1
1
1
3
1
1
1
1
1
1
1
1
1
1
1
1
1
1
1
3
1
1
1
3
5
1
1
3
1
1
1
1
69 93 28
1
1
1
1
1
1
1
3
1
1
1
3
1
3
1
1
1
3
1
3
1
1
3
1
1
1
1
1
31 77 46
3
1
3
1
3
1
1
5
1
1
1
1
3
1
1
1
1
1
3
5
3
1
1
3
1
1
1
1
3
3
1
1
1
1
1
1
1
1
1
1
1
3
1
3
3
3
22 89 20
1
1
1
1
1
3
1
1
1
1
1
1
3
3
1
1
1
1
1
5
