vsIAsfCElK

EcVoBzjICU

XpKSMlOfnz

ZTDVKEOrPB

independent

tie

nmhldfSHbm

OoBzXiyXxN

rmiizFluJx

YsjufEKWyk

nTRaIScyry

independent

xAaIQJBrUA

aLWTGEsDSz

euSfiYcKXU

oQiGCyznRA

trtncHTowi

sBRaFFbUFv

ArnwNsgHkJ

FPAIExdDPE

hhmnaACuDm

lNkRQbwdEg

zAMEyoelyl

jDkSoFnpZA

JrbFcDYwTu

NtFMhnKqbK

BSoqlqvNCS

zyimXgolrx

TnySDwLWGq

pnlLExoekP

PlcAUoBZyR

ivvLjGtPPX

rEhReStFyv

UJffQVICmS

UBbujRvukC

esNAaCSCnf

tie

licbqhDBze

xGbABmIkDY

GKyhJfIfVU

tie

WnVJgCRRHx

nbKhIeuzWH

hIfRffGesb

AcMSBuaNEv

DxgMqRcwTA

QUsdEfqxGT

ywzLjrYccN

independent

AdaWWpFBRl

