Case 1: 118856340.000 557.000
Case 2: 80572453.500 907.000
Case 3: 773.000 89.000
Case 4: 16677.000 243.000
Case 5: 5822107.000 502.000
Case 6: 20070225.500 49.000
Case 7: 30888300.000 300.000
Case 8: 743.000 529.000
Case 9: 17346616.500 353.000
Case 10: 422066.000 657.000
Case 11: 528.000 790.000
Case 12: 227420352.000 607.000
Case 13: 14834193.000 177.000
Case 14: 126179.000 230.000
Case 15: 8907.000 10.000
Case 16: 1200108.000 88.000
Case 17: 69670.000 95.000
Case 18: 992.000 64.000
Case 19: 303.000 428.000
Case 20: 296.000 662.000
Case 21: 130465537.500 705.000
Case 22: 27912.000 12.000
Case 23: 31041532.000 311.000
Case 24: 105105.000 126.000
Case 25: 712.000 912.000
Case 26: 878.000 401.000
Case 27: 424.000 824.000
Case 28: 34190.000 301.000
Case 29: 296777880.000 782.000
Case 30: 280.000 168.000
Case 31: 2807362.500 129.000
Case 32: 894.000 704.000
Case 33: 444458497.500 969.000
Case 34: 19030700.000 260.000
Case 35: 333546075.500 809.000
Case 36: 4041360.000 559.000
Case 37: 748.000 206.000
Case 38: 848.000 792.000
Case 39: 764.000 86.000
Case 40: 840.000 386.000
Case 41: 471769.000 584.000
Case 42: 30256902.000 255.000
Case 43: 230728.000 782.000
Case 44: 205970.000 404.000
Case 45: 48285.000 198.000
Case 46: 37544820.000 291.000
Case 47: 67319.000 80.000
Case 48: 16679104.000 46.000
Case 49: 12484340.000 507.000
Case 50: 658.000 203.000
Case 51: 98583.000 257.000
Case 52: 839.000 325.000
Case 53: 12386880.000 38.000
Case 54: 3467480.000 184.000
Case 55: 28943.000 80.000
Case 56: 418.000 949.000
Case 57: 552.000 734.000
Case 58: 188222.000 280.000
Case 59: 91034301.000 449.000
Case 60: 193614920.000 457.000
Case 61: 51666642.000 369.000
Case 62: 223994739.000 456.000
Case 63: 56.000 404.000
Case 64: 312437862.000 954.000
Case 65: 497927.000 695.000
Case 66: 55600.000 204.000
Case 67: 11118739.500 561.000
Case 68: 101208082.500 945.000
Case 69: 403.000 874.000
Case 70: 213811252.500 509.000
Case 71: 27298022.500 245.000
Case 72: 257.000 630.000
Case 73: 75398400.000 367.000
Case 74: 261.000 58.000
Case 75: 829.000 792.000
Case 76: 62520.000 591.000
Case 77: 293708303.000 846.000
Case 78: 27505424.000 368.000
Case 79: 28285.000 312.000
Case 80: 494.000 516.000
Case 81: 285.000 145.000
Case 82: 9439760.000 748.000
Case 83: 342249.000 617.000
Case 84: 372021220.000 908.000
Case 85: 115.000 435.000
Case 86: 119530.000 285.000
Case 87: 38567676.000 371.000
Case 88: 58892.000 362.000
Case 89: 175.000 415.000
Case 90: 63658.000 506.000
Case 91: 62653552.500 483.000
Case 92: 452057.000 871.000
Case 93: 544230.500 53.000
Case 94: 239387176.000 818.000
Case 95: 415657.000 934.000
Case 96: 321.000 981.000
Case 97: 160547157.000 633.000
Case 98: 3594184.000 484.000
Case 99: 13857.000 193.000
Case 100: 269.000 189.000
Case 101: 165951683.000 839.000
Case 102: 236.000 629.000
Case 103: 85604.000 726.000
Case 104: 518458.000 729.000
Case 105: 23370220.000 542.000
Case 106: 20487468.000 903.000
Case 107: 195083508.000 716.000
Case 108: 131771.000 135.000
Case 109: 21855461.000 382.000
Case 110: 260685747.000 773.000
Case 111: 23203.000 125.000
Case 112: 6015166.500 553.000
Case 113: 201.000 2.000
Case 114: 223434.000 770.000
Case 115: 125053.000 135.000
Case 116: 57641125.500 375.000
Case 117: 998.000 269.000
Case 118: 154224.000 23.000
Case 119: 3728465.000 120.000
Case 120: 63996.000 78.000
Case 121: 108253.000 431.000
Case 122: 24974698.500 907.000
Case 123: 997.000 410.000
Case 124: 189526.000 724.000
Case 125: 38343591.000 416.000
Case 126: 16320.000 35.000
Case 127: 129363780.000 971.000
Case 128: 112098472.000 664.000
Case 129: 446182704.000 904.000
Case 130: 535.000 497.000
Case 131: 111760.000 779.000
Case 132: 53083625.000 589.000
Case 133: 3239180.000 85.000
Case 134: 111899072.000 584.000
Case 135: 108.000 802.000
Case 136: 894.000 98.000
Case 137: 21981.000 95.000
Case 138: 59724390.000 226.000
Case 139: 30411166.000 942.000
Case 140: 877.000 216.000
Case 141: 47483778.000 501.000
Case 142: 34.000 964.000
Case 143: 7158212.000 92.000
Case 144: 334365800.000 739.000
Case 145: 501.000 263.000
Case 146: 153034.000 419.000
Case 147: 17734.000 247.000
Case 148: 857.000 277.000
Case 149: 55275984.000 491.000
Case 150: 548.000 580.000
Case 151: 92549.000 331.000
Case 152: 11654412.000 231.000
Case 153: 648.000 200.000
Case 154: 115.000 365.000
Case 155: 43008528.000 478.000
Case 156: 141390063.000 710.000
Case 157: 11287.000 428.000
Case 158: 5125444.000 274.000
Case 159: 349353.000 479.000
Case 160: 541.000 901.000
Case 161: 86887428.000 501.000
Case 162: 476.000 153.000
Case 163: 48892.000 801.000
Case 164: 68567439.000 453.000
Case 165: 375439.000 521.000
Case 166: 352774.000 824.000
Case 167: 244121060.000 734.000
Case 168: 215349.000 610.000
Case 169: 161566704.000 367.000
Case 170: 664.000 249.000
Case 171: 11840729.000 28.000
Case 172: 18071.000 141.000
Case 173: 118383.000 338.000
Case 174: 3228648.500 187.000
Case 175: 6939794.000 95.000
Case 176: 3760960.500 761.000
Case 177: 290948328.000 926.000
Case 178: 863.000 23.000
Case 179: 319.000 663.000
Case 180: 500644.000 875.000
Case 181: 347.000 665.000
Case 182: 7994526.500 403.000
Case 183: 478.000 754.000
Case 184: 279.000 480.000
Case 185: 170071318.000 527.000
Case 186: 761392.000 798.000
Case 187: 29685560.000 652.000
Case 188: 26492196.000 538.000
Case 189: 162875232.000 624.000
Case 190: 186894228.000 916.000
Case 191: 666.000 526.000
Case 192: 152441635.500 693.000
Case 193: 158951694.000 681.000
Case 194: 260839040.000 737.000
Case 195: 368958.000 532.000
Case 196: 369.000 348.000
Case 197: 1160800.000 897.000
Case 198: 237739.500 23.000
Case 199: 218.000 416.000
Case 200: 5017.000 15.000
Case 201: 82846992.000 456.000
Case 202: 282.000 759.000
Case 203: 105687052.500 591.000
Case 204: 10788016.000 973.000
Case 205: 191224.000 947.000
Case 206: 72635400.000 497.000
Case 207: 7340520.000 660.000
Case 208: 2572494.000 214.000
Case 209: 267212.000 347.000
Case 210: 41223154.000 602.000
Case 211: 133918.000 529.000
Case 212: 17733297.000 951.000
Case 213: 137833.000 267.000
Case 214: 46663.000 199.000
Case 215: 12397750.000 395.000
Case 216: 150416740.500 413.000
Case 217: 46650555.000 423.000
Case 218: 329597.000 816.000
Case 219: 137281925.500 551.000
Case 220: 610.000 634.000
Case 221: 52351954.000 382.000
Case 222: 4097.000 6.000
Case 223: 122830.000 758.000
Case 224: 60939.000 720.000
Case 225: 144342296.000 696.000
Case 226: 959.000 217.000
Case 227: 71831130.000 221.000
Case 228: 378443.000 682.000
Case 229: 2204000.000 169.000
Case 230: 58814.000 268.000
Case 231: 339657636.000 993.000
Case 232: 65885.000 991.000
Case 233: 65107965.000 741.000
Case 234: 2745252.000 687.000
Case 235: 569825.000 858.000
Case 236: 377261.000 768.000
Case 237: 540235.000 735.000
Case 238: 5233039.000 32.000
Case 239: 375836812.000 817.000
Case 240: 231752472.000 679.000
Case 241: 324235.000 571.000
Case 242: 147591360.000 741.000
Case 243: 133497.000 382.000
Case 244: 8139662.500 143.000
Case 245: 62814456.000 751.000
Case 246: 26409166.000 680.000
Case 247: 340.000 384.000
Case 248: 335.000 544.000
Case 249: 162757600.000 778.000
Case 250: 277025619.500 573.000
Case 251: 5123736.000 216.000
Case 252: 288219.000 372.000
Case 253: 129057840.000 596.000
Case 254: 393.000 973.000
Case 255: 454739.000 491.000
Case 256: 897.000 890.000
Case 257: 122.000 133.000
Case 258: 55545.000 87.000
Case 259: 56505312.000 496.000
Case 260: 230585.000 945.000
Case 261: 271.000 569.000
Case 262: 67505385.000 142.000
Case 263: 318482087.500 643.000
Case 264: 1054.000 590.000
Case 265: 42347.000 175.000
Case 266: 419610.000 30.000
Case 267: 134663.000 613.000
Case 268: 51524512.500 321.000
Case 269: 301037970.000 926.000
Case 270: 146818.000 165.000
Case 271: 311862327.500 985.000
Case 272: 111072600.000 586.000
Case 273: 415237.000 937.000
Case 274: 933.000 851.000
Case 275: 52342788.000 498.000
Case 276: 125094.000 198.000
Case 277: 11473.000 22.000
Case 278: 50521913.000 112.000
Case 279: 167.000 606.000
Case 280: 994.000 998.000
Case 281: 536.000 664.000
Case 282: 35852898.000 182.000
Case 283: 27865058.000 906.000
Case 284: 42336880.000 296.000
Case 285: 10375750.000 175.000
Case 286: 121289938.500 659.000
Case 287: 165952.500 87.000
Case 288: 119.000 613.000
Case 289: 91217895.000 188.000
Case 290: 94347.000 923.000
Case 291: 13541600.000 400.000
Case 292: 124.000 184.000
Case 293: 93237.000 951.000
Case 294: 160.000 338.000
Case 295: 46337172.000 469.000
Case 296: 5736925.000 12.000
Case 297: 12328.000 41.000
Case 298: 397749.000 497.000
Case 299: 162851622.000 699.000
Case 300: 70.000 790.000
Case 301: 327575.000 920.000
Case 302: 825.000 653.000
Case 303: 23100370.000 218.000
Case 304: 4609044.000 103.000
Case 305: 27994752.000 288.000
Case 306: 262265.000 397.000
Case 307: 144882.000 288.000
Case 308: 781.000 473.000
Case 309: 71174144.000 261.000
Case 310: 214.000 19.000
Case 311: 113539300.500 631.000
Case 312: 385642152.000 990.000
Case 313: 308658187.500 649.000
Case 314: 256.000 48.000
Case 315: 355038.000 316.000
Case 316: 247193.000 803.000
Case 317: 97483369.500 691.000
Case 318: 31980.000 289.000
Case 319: 1995360.500 885.000
Case 320: 636.000 150.000
Case 321: 122001200.000 308.000
Case 322: 81295253.000 481.000
Case 323: 44479174.500 681.000
Case 324: 290759.000 455.000
Case 325: 598.000 618.000
Case 326: 302.000 157.000
Case 327: 14807664.000 454.000
Case 328: 45391752.000 356.000
Case 329: 49952402.500 715.000
Case 330: 4.000 123.000
Case 331: 175.000 38.000
Case 332: 30545450.000 650.000
Case 333: 17884432.000 529.000
Case 334: 2988118.000 98.000
Case 335: 4616.000 40.000
Case 336: 839.000 247.000
Case 337: 24615310.000 470.000
Case 338: 974.000 289.000
Case 339: 44895702.000 870.000
Case 340: 247.000 418.000
Case 341: 23641.000 537.000
Case 342: 466150.000 513.000
Case 343: 344774113.500 761.000
Case 344: 24610674.000 311.000
Case 345: 163425504.000 726.000
Case 346: 289172353.000 696.000
Case 347: 7946695.000 167.000
Case 348: 87684762.000 222.000
Case 349: 111201612.000 516.000
Case 350: 95752.000 188.000
Case 351: 424477.000 717.000
Case 352: 97.000 530.000
Case 353: 292389680.000 653.000
Case 354: 287658345.000 768.000
Case 355: 542.000 523.000
Case 356: 22129.000 58.000
Case 357: 934.000 294.000
Case 358: 14719200.000 240.000
Case 359: 119479836.000 634.000
Case 360: 840738.000 955.000
Case 361: 11324406.000 165.000
Case 362: 672.000 603.000
Case 363: 58540651.500 307.000
Case 364: 108652500.000 280.000
Case 365: 20069692.500 77.000
Case 366: 534055.000 973.000
Case 367: 193212300.000 531.000
Case 368: 353.000 271.000
Case 369: 139029624.000 831.000
Case 370: 511.000 451.000
Case 371: 220912456.000 732.000
Case 372: 487.000 128.000
Case 373: 7080160.500 511.000
Case 374: 289747.500 35.000
Case 375: 194377.000 328.000
Case 376: 155027828.000 956.000
Case 377: 79184587.500 597.000
Case 378: 34665007.500 243.000
Case 379: 436.000 545.000
Case 380: 973.000 649.000
Case 381: 42954957.500 411.000
Case 382: 330.500 303.000
Case 383: 105896803.500 649.000
Case 384: 190658125.000 496.000
Case 385: 11175.000 439.000
Case 386: 242963244.000 489.000
Case 387: 675.000 71.000
Case 388: 2902842.000 498.000
Case 389: 263776.500 715.000
Case 390: 642.000 727.000
Case 391: 470171.000 262.000
Case 392: 127640.000 141.000
Case 393: 379.000 119.000
Case 394: 379.000 672.000
Case 395: 583.000 537.000
Case 396: 632452.000 745.000
Case 397: 145857348.000 344.000
Case 398: 121407350.000 540.000
Case 399: 379.000 43.000
Case 400: 841.000 647.000
Case 401: 5465124.000 108.000
Case 402: 808965.000 841.000
Case 403: 257256.000 583.000
Case 404: 653.000 874.000
Case 405: 51173388.000 140.000
Case 406: 336.000 373.000
Case 407: 18132.000 343.000
Case 408: 406188.000 854.000
Case 409: 77813448.000 538.000
Case 410: 33961740.000 961.000
Case 411: 791.000 141.000
Case 412: 33859.000 236.000
Case 413: 231135714.000 684.000
Case 414: 2327743.500 531.000
Case 415: 325805.000 531.000
Case 416: 12046288.000 772.000
Case 417: 322004228.000 916.000
Case 418: 805.000 54.000
Case 419: 428210.000 456.000
Case 420: 371664648.000 909.000
Case 421: 23972440.000 920.000
Case 422: 148852440.000 660.000
Case 423: 809.000 707.000
Case 424: 3261016.500 119.000
Case 425: 212195024.000 896.000
Case 426: 257931632.000 703.000
Case 427: 306267.000 641.000
Case 428: 280952980.000 964.000
Case 429: 548.000 130.000
Case 430: 136885.000 192.000
Case 431: 261386796.000 982.000
Case 432: 940.000 766.000
Case 433: 5887742.000 540.000
Case 434: 13557.000 700.000
Case 435: 77644.500 37.000
Case 436: 562018.000 614.000
Case 437: 37194.000 89.000
Case 438: 38201.000 913.000
Case 439: 7116160.000 160.000
Case 440: 369.000 671.000
Case 441: 275.000 74.000
Case 442: 704.000 745.000
Case 443: 237839312.000 764.000
Case 444: 33542.000 12.000
Case 445: 31737728.000 512.000
Case 446: 42628309.500 745.000
Case 447: 83095.000 194.000
Case 448: 420835.000 987.000
Case 449: 30455352.500 865.000
Case 450: 21824544.000 282.000
Case 451: 1967290.000 24.000
Case 452: 12178215.000 38.000
Case 453: 365863112.000 800.000
Case 454: 175273680.000 462.000
Case 455: 217014.000 614.000
Case 456: 759.000 777.000
Case 457: 23357937.500 141.000
Case 458: 55.000 93.000
Case 459: 519.000 442.000
Case 460: 67853312.000 688.000
Case 461: 19263673.000 299.000
Case 462: 69615.000 116.000
Case 463: 5451648.000 290.000
Case 464: 840.000 957.000
Case 465: 77067288.000 648.000
Case 466: 556.000 614.000
Case 467: 242236.000 869.000
Case 468: 190.000 601.000
Case 469: 306354.000 451.000
Case 470: 24581436.000 292.000
Case 471: 894.000 49.000
Case 472: 47257.500 15.000
Case 473: 226117.000 502.000
Case 474: 58919533.500 227.000
Case 475: 7464.000 32.000
Case 476: 507.000 428.000
Case 477: 339.000 980.000
Case 478: 57044406.000 460.000
Case 479: 500.000 889.000
Case 480: 177.000 571.000
Case 481: 1369062.000 729.000
Case 482: 82537612.500 597.000
Case 483: 1174.000 3.000
Case 484: 87484.000 166.000
Case 485: 205156.000 814.000
Case 486: 4149714.000 818.000
Case 487: 34460731.500 249.000
Case 488: 842.000 494.000
Case 489: 45750.000 20.000
Case 490: 470220.000 753.000
Case 491: 627.000 684.000
Case 492: 392.000 717.000
Case 493: 564.000 653.000
Case 494: 336.000 129.000
Case 495: 67564494.000 646.000
Case 496: 430.000 760.000
Case 497: 179.000 412.000
Case 498: 25226754.000 474.000
Case 499: 9514232.000 139.000
Case 500: 66598087.500 665.000
Case 501: 460276.500 133.000
Case 502: 736669.000 942.000
Case 503: 127321764.000 708.000
Case 504: 35385040.000 368.000
Case 505: 42213363.000 284.000
Case 506: 1409370.000 54.000
Case 507: 302277150.000 945.000
Case 508: 360955.000 668.000
Case 509: 195.000 297.000
Case 510: 144783700.000 386.000
Case 511: 120462810.000 754.000
Case 512: 133408704.000 537.000
Case 513: 545061.000 723.000
Case 514: 539.000 782.000
Case 515: 8349318.500 151.000
Case 516: 68726250.000 244.000
Case 517: 485.000 529.000
Case 518: 78244.000 326.000
Case 519: 436.000 947.000
Case 520: 112007610.000 634.000
Case 521: 139.000 498.000
Case 522: 110344488.000 313.000
Case 523: 21051969.500 347.000
Case 524: 665.000 643.000
Case 525: 477.000 655.000
Case 526: 7381456.000 278.000
Case 527: 223865302.500 945.000
Case 528: 188176.000 411.000
Case 529: 71056103.000 499.000
Case 530: 63062.000 111.000
Case 531: 17312370.000 394.000
Case 532: 855989.000 997.000
Case 533: 67627138.000 972.000
Case 534: 57083.000 77.000
Case 535: 131385292.500 735.000
Case 536: 319040038.500 947.000
Case 537: 848.000 620.000
Case 538: 663318.000 258.000
Case 539: 32160750.000 274.000
Case 540: 50.000 990.000
Case 541: 91301.000 335.000
Case 542: 301339937.500 785.000
Case 543: 646217.000 975.000
Case 544: 254390.000 796.000
Case 545: 950.000 686.000
Case 546: 575.000 399.000
Case 547: 568.000 156.000
Case 548: 181903.000 275.000
Case 549: 33.000 368.000
Case 550: 2953.000 29.000
Case 551: 663098.000 782.000
Case 552: 14798650.500 903.000
Case 553: 151693899.500 807.000
Case 554: 24033353.500 101.000
Case 555: 10405920.000 152.000
Case 556: 432.000 463.000
Case 557: 171961020.000 872.000
Case 558: 112.000 324.000
Case 559: 4006688.000 124.000
Case 560: 31503634.000 409.000
Case 561: 489996.000 52.000
Case 562: 170899308.500 533.000
Case 563: 330400.000 882.000
Case 564: 109.000 284.000
Case 565: 942180.000 520.000
Case 566: 32782513.500 481.000
Case 567: 564.000 467.000
Case 568: 73305732.000 444.000
Case 569: 196814.000 875.000
Case 570: 662.000 108.000
Case 571: 177623267.000 599.000
Case 572: 668.000 188.000
Case 573: 4452.000 47.000
Case 574: 70864.000 271.000
Case 575: 51650712.000 558.000
Case 576: 127398744.000 549.000
Case 577: 95334.000 722.000
Case 578: 897.000 47.000
Case 579: 252162.000 410.000
Case 580: 16754.000 19.000
Case 581: 1449.000 156.000
Case 582: 33404073.500 135.000
Case 583: 389.000 444.000
Case 584: 53845.000 226.000
Case 585: 252117256.000 934.000
Case 586: 444750408.000 948.000
Case 587: 130430172.500 661.000
Case 588: 559483.000 663.000
Case 589: 219102.000 456.000
Case 590: 139840.000 361.000
Case 591: 512996.000 580.000
Case 592: 168035092.500 601.000
Case 593: 90926552.000 472.000
Case 594: 65319837.000 671.000
Case 595: 37879068.000 284.000
Case 596: 261567.000 546.000
Case 597: 188342936.000 853.000
Case 598: 464333.000 662.000
Case 599: 81737856.000 536.000
Case 600: 3157164.000 918.000
Case 601: 115040664.000 552.000
Case 602: 61406840.000 426.000
Case 603: 145433.000 680.000
Case 604: 31103100.000 420.000
Case 605: 691.000 619.000
Case 606: 88.000 706.000
Case 607: 226.000 609.000
Case 608: 940.000 623.000
Case 609: 83800752.000 816.000
Case 610: 55282752.000 336.000
Case 611: 565.000 183.000
Case 612: 1589664.000 920.000
Case 613: 113771129.000 680.000
Case 614: 215814375.000 783.000
Case 615: 9941.000 530.000
Case 616: 542327.000 543.000
Case 617: 117348.000 389.000
Case 618: 59970047.500 365.000
Case 619: 288837.000 969.000
Case 620: 22880.000 66.000
Case 621: 432045279.000 878.000
Case 622: 53753603.500 155.000
Case 623: 920.000 640.000
Case 624: 31697012.000 629.000
Case 625: 9894576.000 834.000
Case 626: 518306.000 2.000
Case 627: 204.000 661.000
Case 628: 201791772.000 806.000
Case 629: 31008.000 699.000
Case 630: 616.000 882.000
Case 631: 31506346.000 383.000
Case 632: 90808.000 138.000
Case 633: 440242.000 976.000
Case 634: 292303.000 366.000
Case 635: 509.000 125.000
Case 636: 921.000 489.000
Case 637: 78605.000 147.000
Case 638: 839.000 185.000
Case 639: 532351.000 733.000
Case 640: 8086528.000 149.000
Case 641: 3842937.000 210.000
Case 642: 220757.000 757.000
Case 643: 696687.000 706.000
Case 644: 34978.000 122.000
Case 645: 60723.000 268.000
Case 646: 553.000 680.000
Case 647: 71728551.000 216.000
Case 648: 604272.000 619.000
Case 649: 235.000 310.000
Case 650: 274870968.000 721.000
Case 651: 223129566.000 726.000
Case 652: 248966.000 261.000
Case 653: 446341844.000 988.000
Case 654: 426.000 862.000
Case 655: 22153446.000 569.000
Case 656: 895.000 515.000
Case 657: 50032067.500 433.000
Case 658: 241599421.500 817.000
Case 659: 83022382.000 774.000
Case 660: 970.000 743.000
Case 661: 64145.000 905.000
Case 662: 830255.000 985.000
Case 663: 1554185.000 271.000
Case 664: 14765010.000 68.000
Case 665: 162.000 200.000
Case 666: 70890066.000 702.000
Case 667: 644.000 393.000
Case 668: 737.000 691.000
Case 669: 411053790.000 831.000
Case 670: 677.000 343.000
Case 671: 41550999.000 110.000
Case 672: 663673.500 81.000
Case 673: 983.000 269.000
Case 674: 118.000 12.000
Case 675: 156798360.000 413.000
Case 676: 445.000 922.000
Case 677: 121337.000 142.000
Case 678: 30646970.000 265.000
Case 679: 13167724.500 189.000
Case 680: 26700.000 263.000
Case 681: 128.000 131.000
Case 682: 237397.000 248.000
Case 683: 43883.000 521.000
Case 684: 1388004.000 92.000
Case 685: 173298335.000 665.000
Case 686: 33208.000 8.000
Case 687: 163.000 733.000
Case 688: 236431.000 356.000
Case 689: 149020151.000 571.000
Case 690: 136861.000 155.000
Case 691: 284698793.000 936.000
Case 692: 177054690.000 522.000
Case 693: 680053.000 696.000
Case 694: 2037892.500 439.000
Case 695: 105.000 288.000
Case 696: 292379.000 565.000
Case 697: 414095520.000 930.000
Case 698: 693.000 241.000
Case 699: 1105800.000 95.000
Case 700: 31186144.000 836.000
Case 701: 157.000 352.000
Case 702: 307.000 949.000
Case 703: 11060304.000 637.000
Case 704: 478597.000 751.000
Case 705: 86356.000 460.000
Case 706: 577.000 561.000
Case 707: 68801.000 88.000
Case 708: 188505.000 394.000
Case 709: 525.000 953.000
Case 710: 393009.000 947.000
Case 711: 969.000 512.000
Case 712: 23056.000 85.000
Case 713: 17241043.500 227.000
Case 714: 469.000 61.000
Case 715: 47696550.000 411.000
Case 716: 590.000 728.000
Case 717: 94126416.000 281.000
Case 718: 362305.000 700.000
Case 719: 11707112.000 202.000
Case 720: 656.000 943.000
Case 721: 758.000 330.000
Case 722: 6231225.000 22.000
Case 723: 586419.000 970.000
Case 724: 200033.000 795.000
Case 725: 287296712.000 782.000
Case 726: 217.000 678.000
Case 727: 145557.000 188.000
Case 728: 322526.000 704.000
Case 729: 315574.000 678.000
Case 730: 133369374.000 582.000
Case 731: 94660375.500 641.000
Case 732: 720.000 198.000
Case 733: 62.000 419.000
Case 734: 848.000 812.000
Case 735: 53998882.000 694.000
Case 736: 3114577.500 87.000
Case 737: 32175.000 167.000
Case 738: 501429.000 708.000
Case 739: 193096990.500 411.000
Case 740: 185460472.500 745.000
Case 741: 867.000 127.000
Case 742: 11370004.000 203.000
Case 743: 729.000 359.000
Case 744: 114243856.000 664.000
Case 745: 472923.000 99.000
Case 746: 219.000 941.000
Case 747: 283729.000 501.000
Case 748: 18656.000 193.000
Case 749: 76110718.000 710.000
Case 750: 194.000 741.000
Case 751: 191540.000 316.000
Case 752: 17357.000 50.000
Case 753: 107602776.000 668.000
Case 754: 61819764.000 443.000
Case 755: 196346304.000 792.000
Case 756: 4505948.000 118.000
Case 757: 213749895.000 813.000
Case 758: 998.000 898.000
Case 759: 451929.000 962.000
Case 760: 884.000 566.000
Case 761: 34782342.500 99.000
Case 762: 829.000 975.000
Case 763: 51403.000 315.000
Case 764: 178.000 786.000
Case 765: 512.000 711.000
Case 766: 50963736.000 373.000
Case 767: 39496176.000 942.000
Case 768: 190528.000 234.000
Case 769: 169139088.000 752.000
Case 770: 5334.000 268.000
Case 771: 44230252.500 315.000
Case 772: 580.000 92.000
Case 773: 32560528.000 196.000
Case 774: 572935.000 601.000
Case 775: 172242586.500 813.000
Case 776: 111892.000 512.000
Case 777: 327.000 264.000
Case 778: 131162040.000 477.000
Case 779: 96562.000 494.000
Case 780: 465190.000 690.000
Case 781: 923766.000 58.000
Case 782: 15978.000 18.000
Case 783: 959.000 105.000
Case 784: 735.000 710.000
Case 785: 285430.000 914.000
Case 786: 100421657.000 600.000
Case 787: 52543.000 224.000
Case 788: 477.000 1.000
Case 789: 280.000 778.000
Case 790: 901.000 712.000
Case 791: 1054176.000 158.000
Case 792: 61.000 776.000
Case 793: 831.000 829.000
Case 794: 4908263.000 44.000
Case 795: 2980890.000 148.000
Case 796: 40210495.500 101.000
Case 797: 67307.500 673.000
Case 798: 921.000 765.000
Case 799: 36797634.000 193.000
Case 800: 317026.000 614.000
Case 801: 244.000 223.000
Case 802: 110696000.000 735.000
Case 803: 422.000 886.000
Case 804: 503.000 501.000
Case 805: 496121.000 878.000
Case 806: 329195.000 811.000
Case 807: 126431.000 443.000
Case 808: 111920184.000 850.000
Case 809: 243261.000 249.000
Case 810: 111650.000 58.000
Case 811: 69.000 274.000
Case 812: 110546.000 667.000
Case 813: 37723660.500 831.000
Case 814: 4807381.000 491.000
Case 815: 754.000 183.000
Case 816: 130952182.000 432.000
Case 817: 905.000 939.000
Case 818: 1611104.000 413.000
Case 819: 145930860.000 599.000
Case 820: 98534436.000 766.000
Case 821: 870.000 483.000
Case 822: 72903767.000 841.000
Case 823: 614320.000 40.000
Case 824: 44368822.500 267.000
Case 825: 55421100.000 546.000
Case 826: 698357.000 761.000
Case 827: 442.000 362.000
Case 828: 981.000 82.000
Case 829: 737.000 643.000
Case 830: 363.000 208.000
Case 831: 21437496.000 696.000
Case 832: 966.000 973.000
Case 833: 23716.000 842.000
Case 834: 49284643.500 359.000
Case 835: 10505995.500 231.000
Case 836: 514545.000 858.000
Case 837: 188170.500 21.000
Case 838: 236170.000 460.000
Case 839: 572.000 111.000
Case 840: 94379.000 242.000
Case 841: 74997909.000 413.000
Case 842: 190405.000 599.000
Case 843: 560.000 837.000
Case 844: 211.000 861.000
Case 845: 229097630.000 732.000
Case 846: 122003028.000 996.000
Case 847: 232.000 844.000
Case 848: 26612600.000 672.000
Case 849: 394.000 307.000
Case 850: 60585252.000 546.000
Case 851: 129920898.000 628.000
Case 852: 576812.000 810.000
Case 853: 230201.000 708.000
Case 854: 664.000 96.000
Case 855: 562.000 931.000
Case 856: 501784.000 623.000
Case 857: 14507883.000 351.000
Case 858: 858584.000 902.000
Case 859: 5022.000 31.000
Case 860: 106626.000 355.000
Case 861: 440.000 553.000
Case 862: 52125.000 70.000
Case 863: 9061872.000 568.000
Case 864: 45116742.000 561.000
Case 865: 3155644.000 534.000
Case 866: 11995368.000 27.000
Case 867: 351.000 894.000
Case 868: 8368.000 644.000
Case 869: 206.000 451.000
Case 870: 818.000 449.000
Case 871: 12409.000 16.000
Case 872: 5718024.000 187.000
Case 873: 717.000 250.000
Case 874: 743.000 624.000
Case 875: 188.000 827.000
Case 876: 213656.000 760.000
Case 877: 65415020.000 605.000
Case 878: 102153960.000 374.000
Case 879: 145588600.000 940.000
Case 880: 64977120.000 360.000
Case 881: 5720.000 163.000
Case 882: 54013320.000 380.000
Case 883: 14684.000 19.000
Case 884: 9080086.500 85.000
Case 885: 119625.000 125.000
Case 886: 25280.000 304.000
Case 887: 145610552.000 658.000
Case 888: 16733397.000 713.000
Case 889: 100492600.000 520.000
Case 890: 81336.000 424.000
Case 891: 173374992.000 824.000
Case 892: 67893840.000 649.000
Case 893: 42149320.000 513.000
Case 894: 678.000 831.000
Case 895: 69885336.000 498.000
Case 896: 92684928.000 464.000
Case 897: 372252.500 3.000
Case 898: 4230220.500 573.000
Case 899: 895.000 745.000
Case 900: 166781257.500 831.000
Case 901: 65824000.000 800.000
Case 902: 872.000 891.000
Case 903: 171488.000 720.000
Case 904: 25332324.000 845.000
Case 905: 949.000 941.000
Case 906: 843.000 58.000
Case 907: 17752495.000 86.000
Case 908: 943.000 842.000
Case 909: 123467172.500 573.000
Case 910: 28751648.000 270.000
Case 911: 322362778.500 907.000
Case 912: 54263256.000 552.000
Case 913: 194622547.000 492.000
Case 914: 74621592.500 455.000
Case 915: 140333.000 600.000
Case 916: 151900.000 278.000
Case 917: 197131725.000 945.000
Case 918: 649.000 70.000
Case 919: 394468.000 779.000
Case 920: 223.000 836.000
Case 921: 171483967.000 598.000
Case 922: 463652700.000 965.000
Case 923: 3485888.000 112.000
Case 924: 15025.000 43.000
Case 925: 592661.000 735.000
Case 926: 2158787.500 85.000
Case 927: 776.000 843.000
Case 928: 3445066.500 183.000
Case 929: 514.000 528.000
Case 930: 424476.000 535.000
Case 931: 128029.000 367.000
Case 932: 633.000 495.000
Case 933: 225749524.000 987.000
Case 934: 79400.000 136.000
Case 935: 124718580.000 620.000
Case 936: 226913.000 231.000
Case 937: 494.000 362.000
Case 938: 210979941.500 677.000
Case 939: 97068080.000 520.000
Case 940: 259782880.000 815.000
Case 941: 4018699.500 741.000
Case 942: 1537966.500 67.000
Case 943: 186787.000 476.000
Case 944: 663.000 27.000
Case 945: 211699008.500 653.000
Case 946: 22497858.000 774.000
Case 947: 629372.000 867.000
Case 948: 133644.000 134.000
Case 949: 40436340.000 420.000
Case 950: 2853576.000 78.000
Case 951: 85.000 517.000
Case 952: 22938.000 24.000
Case 953: 77362.000 319.000
Case 954: 130816.000 244.000
Case 955: 756871.000 814.000
Case 956: 62607.000 196.000
Case 957: 803.000 692.000
Case 958: 343359.000 996.000
Case 959: 133582.500 45.000
Case 960: 250164.000 460.000
Case 961: 60735170.000 386.000
Case 962: 53224688.000 374.000
Case 963: 623.000 69.000
Case 964: 38538162.000 776.000
Case 965: 31451403.000 950.000
Case 966: 130388566.000 478.000
Case 967: 38615167.500 609.000
Case 968: 2380580.000 34.000
Case 969: 19000912.000 134.000
Case 970: 71281808.000 943.000
Case 971: 296337548.500 729.000
Case 972: 939.000 630.000
Case 973: 821919.000 879.000
Case 974: 261794.000 312.000
Case 975: 341.000 534.000
Case 976: 277810.500 149.000
Case 977: 283450410.000 946.000
Case 978: 184608978.500 859.000
Case 979: 10338312.000 122.000
Case 980: 36450.000 354.000
Case 981: 154.000 397.000
Case 982: 162335.000 215.000
Case 983: 157305.000 596.000
Case 984: 129715599.000 494.000
Case 985: 701.000 462.000
Case 986: 55836.000 237.000
Case 987: 445011.000 691.000
Case 988: 577.000 653.000
Case 989: 476538.000 528.000
Case 990: 443867.000 792.000
Case 991: 13753632.000 184.000
Case 992: 863.000 508.000
Case 993: 585.000 897.000
Case 994: 119431375.000 595.000
Case 995: 93837204.000 509.000
Case 996: 363636509.000 742.000
Case 997: 479983.000 994.000
Case 998: 539.000 503.000
Case 999: 161198.000 404.000
Case 1000: 338.000 240.000
