BCG 252
BCG 170
GBC 175
BCG 273
CGB 297
CGB 268
BGC 249
GCB 149
CGB 384
BCG 186
BGC 287
CBG 261
GBC 195
CBG 245
GBC 74
CBG 232
CBG 273
CGB 232
GBC 348
CBG 163
BCG 213
CGB 273
CBG 146
BCG 350
GBC 185
CGB 176
CGB 337
BCG 245
CBG 270
BCG 295
CGB 228
CBG 300
CGB 232
CBG 283
BCG 215
BCG 243
CGB 238
CGB 285
CGB 244
CBG 192
GBC 235
CBG 242
GBC 176
BGC 328
GBC 343
BCG 287
BGC 242
BGC 195
BCG 130
BCG 191
BCG 148
BGC 173
CGB 235
CGB 173
BGC 269
CGB 317
GBC 124
CGB 297
BGC 216
CBG 152
GCB 219
BCG 185
GBC 190
BGC 292
GBC 284
GCB 286
GBC 240
CBG 171
GBC 255
CBG 311
GBC 254
GCB 249
BCG 274
BGC 257
CGB 207
GBC 165
BGC 218
GBC 175
CBG 367
CGB 251
CGB 223
CGB 316
CBG 245
BGC 279
GBC 339
GBC 256
GBC 230
GCB 194
GCB 214
GCB 227
BGC 207
GBC 228
BCG 159
BCG 228
GBC 170
CGB 250
BCG 422
BGC 250
CGB 204
BGC 274
BCG 154
BCG 234
CBG 271
GCB 327
GCB 365
CGB 203
CGB 431
GBC 165
GBC 234
CGB 324
GCB 228
CBG 318
BCG 256
BGC 245
GBC 200
BCG 142
BGC 214
CGB 238
BGC 237
CGB 324
GBC 265
BGC 240
BCG 140
CBG 401
CBG 215
GBC 188
BCG 159
BGC 123
GBC 294
CGB 205
BCG 62
CGB 356
CBG 244
CGB 204
BGC 236
BGC 329
CGB 263
CBG 170
CBG 197
BCG 154
CGB 169
CGB 144
BGC 240
GCB 232
CGB 372
BGC 117
CBG 205
CGB 261
BGC 112
GCB 228
GBC 189
GBC 278
CGB 303
BCG 339
BCG 208
BCG 275
BCG 320
CBG 214
CGB 217
CGB 207
GCB 303
BGC 231
CGB 239
GBC 318
GBC 331
BGC 217
CBG 210
CBG 259
GCB 378
CBG 160
BGC 182
CBG 189
CGB 112
CGB 243
CBG 261
CGB 399
GBC 242
GBC 262
BCG 374
GBC 211
CBG 306
GBC 260
GBC 172
BCG 155
CGB 251
GCB 340
BGC 314
CGB 247
GCB 219
BGC 288
GBC 277
GCB 220
GCB 171
GBC 178
CBG 334
GBC 239
CBG 291
BGC 97
GCB 230
CBG 216
BCG 2385
GCB 1753
GBC 3063
CGB 3390
BCG 1450
CBG 2071
CGB 1671
BGC 2363
BGC 2164
CBG 2422
BCG 1639
BCG 1248
BCG 2733
CBG 2485
GBC 2876
BCG 2883
CBG 2070
CBG 2792
GBC 1429
BGC 2550
GCB 1504
CBG 2375
GCB 3505
BCG 3318
CBG 2671
BCG 3133
BCG 1525
CGB 2227
GCB 2504
BCG 2136
BCG 1853
CBG 2335
GCB 2680
CGB 2145
GBC 3222
CGB 3128
GBC 1826
GCB 2249
GCB 2770
GBC 3140
CGB 2237
CGB 2653
GBC 1835
BCG 3192
CBG 2781
GCB 1739
GCB 3121
CGB 2344
CBG 2286
CGB 2106
CGB 1948
CBG 3438
GBC 2531
BGC 2215
GBC 1969
BGC 2542
CGB 1962
BCG 1894
GBC 2881
GBC 2531
BCG 1230
CGB 1871
BGC 2760
BCG 1754
GCB 2428
GBC 2483
GCB 2750
GCB 1290
CBG 1790
CBG 2815
BGC 2915
CBG 786
GBC 2776
CGB 2505
GCB 2815
GCB 3345
GCB 2962
BGC 3709
CBG 2632
CGB 2171
CBG 2374
BCG 3355
CGB 2377
CBG 2182
CBG 3061
GCB 3398
GBC 3074
BCG 2331
BCG 1663
BGC 2741
BCG 2316
GCB 1955
GBC 1689
BGC 3332
BGC 2889
CGB 2512
CGB 1203
CBG 2982
GBC 2641
BGC 2594
GBC 2921
CBG 1554
CGB 2905
CGB 3144
CGB 2914
BGC 1647
BGC 2752
GBC 2403
BCG 3398
GBC 2036
BCG 3720
BGC 2174
GCB 3423
GCB 2391
GCB 3065
GBC 2306
GBC 3118
GCB 4370
GCB 1905
BGC 2140
GCB 2689
GBC 3500
GBC 3183
GCB 2480
CBG 1983
BGC 2162
BCG 3004
GBC 2226
BCG 1315
CGB 2070
BCG 2267
CGB 2121
GBC 2550
GCB 2196
GCB 3425
CGB 2154
CBG 2025
BGC 3328
CBG 2290
GCB 2595
CGB 2176
CBG 2641
GCB 3813
GCB 2137
GBC 3604
GBC 1838
BCG 2081
BGC 3113
GCB 2753
BCG 3388
BCG 2749
CBG 2675
GBC 3107
GCB 2785
BCG 3000
BCG 2952
CBG 2794
CBG 2918
CGB 2665
CGB 2127
GCB 3303
BGC 2771
GBC 1951
GCB 2258
BCG 1897
CGB 1787
GCB 1947
BCG 2596
CBG 1922
GBC 2315
GBC 2514
GCB 2925
BGC 3556
CGB 2913
BCG 2568
CGB 2673
GBC 2623
GBC 2397
GCB 2548
GCB 3281
GBC 3252
CGB 2236
GBC 2745
GCB 2509
BGC 2101
GBC 3470
CGB 2694
CGB 2188
CGB 2857
CBG 2458
CBG 1519
CBG 1365
CGB 2516
CBG 2740
GCB 1842
GBC 3083
BCG 2674
GBC 2851
CBG 2377
BGC 1232
CGB 2373
CBG 2283
GBC 3813
CGB 3476
CBG 1720
BGC 2642
BCG 2592
BGC 2470
GCB 3341
BCG 2671
BCG 2543
GCB 1500
BGC 2446
BCG 2747
GBC 1836
BGC 2644
CGB 2156
GBC 3335
CGB 2316
CGB 2151
GBC 2921
GBC 1498
CBG 3357
BGC 2784
BGC 1362
CGB 2359
CGB 1547
CGB 3154
CBG 1806
CGB 2825
GCB 2580
GBC 1403
CBG 3736
GCB 2775
CGB 2473
BCG 2987
CBG 2251
BGC 2032
GBC 1841
BGC 2236
BGC 3015
GBC 2098
CBG 3076
BGC 3557
CBG 3013
CGB 2704
BGC 2009
GBC 1210
BGC 2998
GBC 3390
CGB 2976
BCG 3753
GBC 2287
GCB 2949
CGB 1924
BGC 2509
GCB 2743
CGB 2210
GBC 2906
CGB 2793
CGB 2348
CBG 1126
BGC 2240
GCB 2022
GBC 2689
BGC 2809
GBC 3371
BCG 2012
CGB 1963
CGB 3146
GCB 3394
GBC 1899
GCB 1257
GBC 4138
BGC 2530
BGC 1418
GCB 1575
BGC 2080
GCB 2874
CBG 2002
GBC 1912
GCB 2484
BGC 2268
CGB 2658
CBG 2063
CGB 1062
GBC 2548
BCG 3398
GCB 3137
CGB 1386
CBG 1600
GCB 3155
GCB 2698
BCG 2313
GCB 2963
GCB 2201
BGC 2239
GBC 2744
BCG 2704
CBG 3701
BGC 3108
CBG 2484
BCG 3112
BGC 2593
CBG 3077
BGC 2537
GCB 2183
BCG 4266
BGC 2245
GBC 3246
CGB 2812
GCB 2739
GBC 3301
CGB 2516
CBG 3083
GCB 2772
CBG 3360
CBG 2729
BGC 2063
BCG 1718
BCG 2989
CBG 2792
BCG 1652
BGC 2132
BGC 3232
BGC 2200
BGC 3487
BCG 3651
GBC 1986
GCB 2360
CGB 2663
BGC 2477
CBG 2518
BGC 1701
BGC 2574
GBC 1461
BCG 2775
CGB 3199
BGC 2230
CBG 2470
BGC 2231
BGC 1547
BCG 2966
CGB 2613
CBG 1844
CBG 2637
BCG 1586
CGB 3191
GCB 2039
GCB 3913
CBG 2376
GCB 2614
GCB 2334
GBC 1651
GCB 2269
CGB 2111
GBC 2083
GBC 2968
CBG 2417
CBG 2078
CGB 2319
BGC 2198
CBG 1623
BCG 1547
BGC 2539
BCG 3203
GCB 1608
CGB 2685
GBC 3191
GCB 2667
CBG 2565
CGB 3466
CGB 2925
GBC 1850
CGB 1807
GBC 1101
CBG 3021
BGC 2712
GCB 2534
GCB 2100
CGB 2501
CBG 2398
CGB 1682
GCB 690
BGC 2330
CBG 1250
GBC 2238
BGC 2651
CGB 3108
BGC 2105
GCB 1978
CGB 2496
GCB 3547
CGB 3132
BCG 2081
GCB 2284
BCG 1933
CBG 2383
GCB 2284
GBC 2796
GBC 1286
CGB 3310
BGC 1963
GCB 1267
GCB 3008
GCB 2349
CGB 1421
BGC 1752
BGC 2661
GCB 1631
GCB 2194
CGB 3542
BGC 3669
CGB 2712
CBG 2986
GCB 1939
CGB 2618
GBC 3235
BCG 2604
BCG 3574
CBG 2592
GCB 2669
CGB 930
BGC 1809
BGC 2575
BGC 1641
GCB 2526
BCG 3147
CBG 2694
GCB 3609
CGB 3042
GBC 2471
BCG 2580
CBG 1403
CBG 1666
GBC 2524
BGC 1389
CBG 3108
CGB 3101
CGB 3369
CBG 994
CBG 2817
BGC 2938
BCG 3643
BCG 2741
GCB 2063
CGB 2623
GCB 2406
CBG 2615
BCG 2331
BGC 2900
GBC 3127
BCG 3782
BGC 1250
GBC 3301
GBC 2821
GCB 2437
CGB 3005
CBG 2144
GCB 3011
GBC 3381
CBG 1970
GBC 3125
BCG 2690
GCB 3234
GCB 2231
BCG 2630
BCG 3053
CBG 2012
GBC 1751
CBG 2872
GCB 1280
CGB 3127
CBG 1318
BGC 2729
BCG 2488
BGC 2788
BCG 2386
GBC 2506
CBG 2312
CGB 1930
GCB 2044
BGC 2898
GCB 2627
CGB 3402
CGB 3167
BCG 2333
BGC 2062
GBC 3230
GBC 2104
CBG 2509
CGB 1914
BCG 1607
CGB 2274
GCB 2535
GCB 2167
GBC 2883
GCB 1840
GBC 1883
BGC 3053
GCB 2524
GBC 3241
CBG 2069
GBC 2122
GCB 3849
BGC 1415
CBG 2653
BGC 3244
GCB 2357
CGB 2435
GCB 2303
GBC 4372
GBC 2440
CBG 2936
CBG 3105
BCG 2667
GCB 2048
CBG 1598
BGC 3306
CGB 2672
GBC 2809
BCG 3340
BCG 3817
GBC 1530
GCB 2527
GCB 2654
GBC 2673
BGC 2222
CGB 2384
GBC 964
BGC 1329
GBC 2782
CBG 1872
BGC 1986
BGC 1514
CBG 1828
GBC 1836
BCG 2165
BGC 2269
GCB 2182
CGB 3471
BCG 2983
CGB 2556
GCB 1328
CBG 1935
CGB 2991
CGB 3326
BGC 1953
CGB 2716
GBC 1627
CGB 1753
BGC 2450
BCG 3180
BGC 2405
BGC 2281
CBG 1890
BGC 1421
CBG 3372
BCG 2934
GCB 2322
BGC 2267
BGC 2152
GBC 1753
GBC 3241
GBC 1645
CGB 2222
GCB 2680
GCB 3386
BGC 3193
CBG 2531
CBG 3318
CGB 2223
CBG 3378
BCG 3954
BGC 2043
CGB 2486
BCG 2862
CGB 1966
GBC 2931
BCG 2865
GCB 2409
GCB 1115
BCG 2767
CGB 1730
CBG 2227
GCB 2804
BGC 3155
BGC 3006
BGC 2333
GCB 2286
CGB 3817
CGB 1725
BCG 3468
BGC 1632
CBG 2316
BGC 2092
BCG 2779
BGC 4180
CBG 3210
GCB 1509
CGB 3008
GBC 2123
BGC 2967
CBG 2711
CBG 1298
CGB 2238
GBC 3435
CBG 2306
GCB 3023
CGB 1874
GCB 2943
CBG 2049
BGC 3299
CGB 2737
BGC 3783
GCB 2349
BCG 2497
BGC 1860
CGB 2728
CGB 3572
CGB 2800
CGB 2149
BCG 2047
CGB 2563
BCG 3056
GBC 2672
BGC 2288
CGB 3281
CGB 1805
CBG 3063
BGC 3294
CBG 1015
BCG 2690
GBC 2788
GCB 1586
CBG 3428
BGC 3241
BGC 2322
BCG 2940
CGB 2349
BGC 2731
BCG 2300
CBG 2205
CGB 3409
CBG 1501
BGC 1940
GCB 3348
CBG 1061
CBG 2476
GCB 1772
GBC 2403
GBC 1749
CBG 1862
CBG 3659
GCB 1702
GCB 3204
CGB 2474
CBG 3164
GCB 2347
GBC 2048
BCG 2514
BCG 3639
BCG 2883
CBG 2012
CBG 2901
CGB 3278
BGC 1532
GBC 3446
CGB 2901
GCB 1658
CGB 2023
BGC 1833
CGB 1891
CGB 3550
CGB 2613
GCB 2879
CGB 2400
BCG 1853
GBC 1582
BCG 1966
GBC 2795
CBG 2561
GBC 2898
BGC 1993
CBG 1121
BGC 1614
CBG 2839
GBC 1207
GBC 3079
BCG 3364
CBG 2961
BCG 2499
BCG 1917
CGB 2701
BGC 2692
CBG 2455
GBC 1605
CBG 2122
CBG 2668
CGB 3062
BCG 3153
GBC 3175
BGC 2653
GBC 3246
CGB 2116
CBG 3220
CGB 3021
GBC 2563
BCG 2817
CBG 1875
GBC 2524
CBG 1913
CGB 2677
BGC 1531
CGB 3429
CBG 3444
CGB 3436
BCG 1809
CBG 1849
BGC 2150
CGB 3595
CBG 3277
GBC 3129
BCG 2386
BGC 2295
CGB 2030
CGB 1894
GBC 2379
GCB 2156
BGC 1729
GBC 2442
GCB 2792
CGB 1980
GCB 2173
CGB 2148
BGC 2476
GCB 2075
CBG 2557
BGC 4061
GBC 2664
CBG 1818
CGB 2601
CGB 3024
GCB 1952
CBG 3202
BGC 2587
GBC 2554
GCB 3129
CBG 2677
CBG 2406
CGB 1714
BGC 1963
CGB 1718
GBC 2404
BGC 3584
BGC 2619
GCB 2911
CBG 2216
BCG 1901
GCB 2204
CBG 1614
BGC 2006
BCG 2642
CBG 2421
CGB 1963
CGB 2925
BGC 1792
GCB 1523
BCG 2302
CGB 1957
CBG 2958
GCB 4142
GCB 2277
BGC 3129
GCB 2175
GBC 2993
GCB 3184
CGB 1935
GCB 1756
GBC 2649
CBG 2274
GBC 2515
BGC 3636
GBC 2965
BCG 1875
GBC 1139
GBC 3560
CBG 2542
CGB 2914
GCB 3531
CGB 2551
CGB 2381
CBG 1820
CBG 1927
CGB 3102
BGC 2919
CBG 2195
CBG 3324
CGB 1966
CBG 2351
