4 271172
2 95259
1 67076
1 82028
3 229922
3 236632
1 8778
1 31413
3 1258521
3 478874
2 499994
0 10001
6 5976795
1 74447
2 352253
2 97679
3 491194
3 443344
1 86268
3 485584
7 88555588
3 667766
1 75457
2 245542
1 19691
3 669966
3 69896
4 667766
3 879978
6 4668664
5 355553
3 399993
2 99299
1 9999
3 132231
7 1136311
4 1124211
12 2326666232
8 52788725
2 30203
2 91219
8 89333398
3 397793
10 169767961
4 132231
5 293392
2 37273
3 378873
2 243342
5 4424244
3 1124211
2 159951
6 527725
2 92629
8 73466437
3 99099
2 289982
2 399993
3 1246421
10 14355341
2 9339
3 695596
4 879978
3 510015
1 35653
4 871178
1 78487
3 445544
3 734437
1 59495
8 45344354
0 42724
1 6556
5 2542452
1 15251
6 2358532
1 18281
1 85658
3 299992
8 23211232
2 9339
1 54845
3 881188
8 9912199
7 2322232
4 569965
1 99099
3 576675
2 495594
3 229922
3 291192
4 479974
2 136631
3 232232
2 7777
6 2322232
3 667766
1 3443
7 35488453
2 369963
1 64246
4 56265
6 293392
3 132231
7 16699661
2 26862
4 669966
3 661166
4 672276
4 963369
2 58685
3 677776
2 232232
3 478874
1 67076
6 4534354
8 89377398
5 1112111
1 59495
4 291192
1 75057
3 663366
7 88555588
10 226969622
1 73237
4 793397
2 12221
1 55855
10 496343694
6 9386839
3 431134
3 669966
6 1136311
1 7447
3 66066
3 893398
1 16861
10 1556556551
3 445544
1 76867
6 1992991
7 233332
3 673376
2 254452
4 523325
1 6886
6 293392
1 62626
3 883388
3 68486
8 9912199
3 479974
1 242
1 51015
6 16699661
4 1112111
1 4114
2 3333
1 47274
1 36463
6 229922
1 72827
2 154451
1 97279
3 892298
5 4424244
2 275572
2 1551
5 2554552
4 125521
1 49294
1 45054
1 121121
5 4986894
3 293392
2 156651
1 28882
1 64246
7 12455421
1 3773
1 68086
6 2762672
3 666666
6 4510154
2 34243
4 893398
4 695596
3 219912
9 232585232
4 464464
3 663366
2 303
3 651156
5 4986894
1 51615
4 1136311
9 88555588
1 88488
4 2798972
7 17766771
