-135
-83
-39
-153
-13
-5
-84
-12
-20
-181
-76
-262
-44
-56
-66
-224
-139
-120
-3
-63
-111
-88
-28
-5
-73
-69
-32
-272
-10
-391
-27
-186
-52
-87
-28
-9
-105
-109
-102
-47
-44
-23
-103
-40
-61
-11
-54
-9
-130
-46
-69
-9
-81
-176
-4
-62
-24
-114
-233
-85
-122
-421
-5
-24
-109
-60
-73
-95
-12
-25
-1091
-25437
-345570
-19625
-332944
-176058
-720390
-795018
-23493
-340911
-5378
-98496
-30331
-139713
-353480
-428
-202228
-337781
-19099
-101109
-314978
-34295
-17359
-118637
-5142
-66811
-40946
-49352
-100121
-422826
